\BOOKMARK [0][-]{chapter.1}{\376\377\0001\000\040\000W\000e\000l\000c\000o\000m\000e\000\040\000t\000o\000\040\000P\000B\0003\000D\000\040}{}% 1
\BOOKMARK [0][-]{chapter.2}{\376\377\0002\000\040\000I\000n\000p\000u\000t\000\040\000v\000a\000r\000i\000a\000b\000l\000e\000s\000\040}{}% 2
\BOOKMARK [1][-]{section.2.1}{\376\377\0002\000.\0001\000\040\000P\000B\0003\000D\000\040\000I\000n\000p\000u\000t\000s}{chapter.2}% 3
\BOOKMARK [1][-]{section.2.2}{\376\377\0002\000.\0002\000\040\000P\000O\000S\000T\000\040\000I\000n\000p\000u\000t\000s}{chapter.2}% 4
\BOOKMARK [0][-]{chapter.3}{\376\377\0003\000\040\000F\000r\000e\000q\000u\000e\000n\000t\000l\000y\000\040\000A\000s\000k\000e\000d\000\040\000Q\000u\000e\000s\000t\000i\000o\000n\000s\000\040}{}% 5
\BOOKMARK [1][-]{section.3.1}{\376\377\0003\000.\0001\000\040\000r\000u\000n\000t\000i\000m\000e\000\040\000e\000r\000r\000o\000r\000s}{chapter.3}% 6
\BOOKMARK [1][-]{section.3.2}{\376\377\0003\000.\0002\000\040\000c\000o\000m\000m\000o\000n\000\040\000p\000r\000o\000b\000l\000e\000m\000s}{chapter.3}% 7
\BOOKMARK [0][-]{chapter.4}{\376\377\0004\000\040\000C\000o\000d\000e\000\040\000o\000u\000t\000p\000u\000t\000s\000\040}{}% 8
\BOOKMARK [1][-]{section.4.1}{\376\377\0004\000.\0001\000\040\000O\000u\000t\000p\000u\000t\000\040\000F\000i\000l\000e\000s}{chapter.4}% 9
\BOOKMARK [1][-]{section.4.2}{\376\377\0004\000.\0002\000\040\000O\000u\000t\000p\000u\000t\000\040\000P\000l\000o\000t\000s}{chapter.4}% 10
\BOOKMARK [0][-]{chapter.5}{\376\377\0005\000\040\000G\000e\000n\000e\000r\000a\000l\000\040\000c\000o\000d\000e\000\040\000s\000t\000r\000u\000c\000t\000u\000r\000e\000\040}{}% 11
\BOOKMARK [1][-]{section.5.1}{\376\377\0005\000.\0001\000\040\000P\000B\0003\000D\000\040\000f\000l\000o\000w\000c\000h\000a\000r\000t}{chapter.5}% 12
\BOOKMARK [1][-]{section.5.2}{\376\377\0005\000.\0002\000\040\000E\000q\000u\000i\000l\000i\000b\000r\000i\000u\000m\000\040\000\046\000\040\000P\000e\000r\000t\000u\000r\000b\000a\000t\000i\000o\000n\000\040\000J\000o\000b\000s}{chapter.5}% 13
\BOOKMARK [1][-]{section.5.3}{\376\377\0005\000.\0003\000\040\000D\000e\000t\000a\000i\000l\000e\000d\000\040\000P\000B\0003\000D\000\040\000F\000l\000o\000w\000c\000h\000a\000r\000t}{chapter.5}% 14
\BOOKMARK [1][-]{section.5.4}{\376\377\0005\000.\0004\000\040\000P\000O\000S\000T\000\040\000O\000v\000e\000r\000v\000i\000e\000w}{chapter.5}% 15
\BOOKMARK [0][-]{chapter.6}{\376\377\0006\000\040\000T\000u\000t\000o\000r\000i\000a\000l\000\040}{}% 16
\BOOKMARK [1][-]{section.6.1}{\376\377\0006\000.\0001\000\040\000G\000e\000t\000t\000i\000n\000g\000\040\000t\000h\000e\000\040\000E\000q\000u\000i\000l\000i\000b\000r\000i\000u\000m}{chapter.6}% 17
\BOOKMARK [1][-]{section.6.2}{\376\377\0006\000.\0002\000\040\000C\000h\000e\000c\000k\000i\000n\000g\000\040\000t\000h\000e\000\040\000e\000q\000u\000i\000l\000i\000b\000r\000i\000u\000m\000\040\000\050\000o\000p\000t\000i\000o\000n\000a\000l\000\051}{chapter.6}% 18
\BOOKMARK [1][-]{section.6.3}{\376\377\0006\000.\0003\000\040\000S\000e\000t\000t\000i\000n\000g\000\040\000U\000p\000\040\000t\000h\000e\000\040\000I\000n\000p\000u\000t\000\040\000F\000i\000l\000e}{chapter.6}% 19
\BOOKMARK [1][-]{section.6.4}{\376\377\0006\000.\0004\000\040\000R\000u\000n\000n\000i\000n\000g\000\040\000P\000B\0003\000D}{chapter.6}% 20
\BOOKMARK [1][-]{section.6.5}{\376\377\0006\000.\0005\000\040\000R\000u\000n\000\040\000S\000c\000r\000i\000p\000t\000\040\000T\000o\000o\000l\000s}{chapter.6}% 21
\BOOKMARK [1][-]{section.6.6}{\376\377\0006\000.\0006\000\040\000P\000o\000s\000t\000-\000p\000r\000o\000c\000e\000s\000s\000i\000n\000g\000\040\000W\000i\000t\000h\000\040\000P\000O\000S\000T}{chapter.6}% 22
\BOOKMARK [0][-]{chapter.7}{\376\377\0007\000\040\000I\000n\000s\000t\000a\000l\000l\000a\000t\000i\000o\000n\000\040}{}% 23
\BOOKMARK [1][-]{section.7.1}{\376\377\0007\000.\0001\000\040\000I\000n\000t\000r\000o\000d\000u\000c\000t\000i\000o\000n}{chapter.7}% 24
\BOOKMARK [1][-]{section.7.2}{\376\377\0007\000.\0002\000\040\000C\000o\000m\000p\000i\000l\000a\000t\000i\000o\000n}{chapter.7}% 25
\BOOKMARK [1][-]{section.7.3}{\376\377\0007\000.\0003\000\040\000M\000a\000k\000e\000f\000i\000l\000e\000\040\000E\000x\000a\000m\000p\000l\000e}{chapter.7}% 26
\BOOKMARK [0][-]{chapter.8}{\376\377\0008\000\040\000T\000o\000d\000o\000\040\000L\000i\000s\000t\000\040}{}% 27
\BOOKMARK [0][-]{chapter.9}{\376\377\0009\000\040\000D\000i\000r\000e\000c\000t\000o\000r\000y\000\040\000D\000o\000c\000u\000m\000e\000n\000t\000a\000t\000i\000o\000n}{}% 28
\BOOKMARK [1][-]{section.9.1}{\376\377\0009\000.\0001\000\040\000D\000o\000c\000u\000m\000e\000n\000t\000a\000t\000i\000o\000n\000\040\000D\000i\000r\000e\000c\000t\000o\000r\000y\000\040\000R\000e\000f\000e\000r\000e\000n\000c\000e}{chapter.9}% 29
\BOOKMARK [1][-]{section.9.2}{\376\377\0009\000.\0002\000\040\000/\000U\000s\000e\000r\000s\000/\000t\000o\000o\000n\000w\000e\000y\000e\000n\000s\000/\000C\000o\000d\000e\000/\000P\000B\0003\000D\000/\000M\000o\000d\000u\000l\000e\000s\000\040\000D\000i\000r\000e\000c\000t\000o\000r\000y\000\040\000R\000e\000f\000e\000r\000e\000n\000c\000e}{chapter.9}% 30
\BOOKMARK [1][-]{section.9.3}{\376\377\0009\000.\0003\000\040\000/\000U\000s\000e\000r\000s\000/\000t\000o\000o\000n\000w\000e\000y\000e\000n\000s\000/\000C\000o\000d\000e\000/\000P\000B\0003\000D\000\040\000D\000i\000r\000e\000c\000t\000o\000r\000y\000\040\000R\000e\000f\000e\000r\000e\000n\000c\000e}{chapter.9}% 31
\BOOKMARK [0][-]{appendix.1.A}{\376\377\000A\000p\000p\000e\000n\000d\000i\000x\000\040\000A\000\040\000P\000r\000o\000g\000r\000a\000m\000s}{}% 32
\BOOKMARK [1][-]{section.1.A.1}{\376\377\000A\000.\0001\000\040\000/\000U\000s\000e\000r\000s\000/\000t\000o\000o\000n\000w\000e\000y\000e\000n\000s\000/\000C\000o\000d\000e\000/\000P\000B\0003\000D\000/\000P\000O\000S\000T\000.\000f\0009\0000\000\040\000P\000r\000o\000g\000r\000a\000m\000\040\000R\000e\000r\000e\000f\000e\000n\000c\000e}{appendix.1.A}% 33
\BOOKMARK [1][-]{section.1.A.2}{\376\377\000A\000.\0002\000\040\000/\000U\000s\000e\000r\000s\000/\000t\000o\000o\000n\000w\000e\000y\000e\000n\000s\000/\000C\000o\000d\000e\000/\000P\000B\0003\000D\000/\000P\000B\0003\000D\000.\000f\0009\0000\000\040\000P\000r\000o\000g\000r\000a\000m\000\040\000R\000e\000r\000e\000f\000e\000n\000c\000e}{appendix.1.A}% 34
\BOOKMARK [0][-]{appendix.1.B}{\376\377\000A\000p\000p\000e\000n\000d\000i\000x\000\040\000B\000\040\000M\000o\000d\000u\000l\000e\000s}{}% 35
\BOOKMARK [1][-]{section.1.B.1}{\376\377\000B\000.\0001\000\040\000d\000r\000i\000v\000e\000r\000\137\000e\000q\000\040\000M\000o\000d\000u\000l\000e\000\040\000R\000e\000f\000e\000r\000e\000n\000c\000e}{appendix.1.B}% 36
\BOOKMARK [1][-]{section.1.B.2}{\376\377\000B\000.\0002\000\040\000d\000r\000i\000v\000e\000r\000\137\000p\000o\000s\000t\000\040\000M\000o\000d\000u\000l\000e\000\040\000R\000e\000f\000e\000r\000e\000n\000c\000e}{appendix.1.B}% 37
\BOOKMARK [1][-]{section.1.B.3}{\376\377\000B\000.\0003\000\040\000d\000r\000i\000v\000e\000r\000\137\000s\000o\000l\000\040\000M\000o\000d\000u\000l\000e\000\040\000R\000e\000f\000e\000r\000e\000n\000c\000e}{appendix.1.B}% 38
\BOOKMARK [1][-]{section.1.B.4}{\376\377\000B\000.\0004\000\040\000d\000r\000i\000v\000e\000r\000\137\000x\000\040\000M\000o\000d\000u\000l\000e\000\040\000R\000e\000f\000e\000r\000e\000n\000c\000e}{appendix.1.B}% 39
\BOOKMARK [1][-]{section.1.B.5}{\376\377\000B\000.\0005\000\040\000d\000t\000o\000r\000h\000\040\000M\000o\000d\000u\000l\000e\000\040\000R\000e\000f\000e\000r\000e\000n\000c\000e}{appendix.1.B}% 40
\BOOKMARK [1][-]{section.1.B.6}{\376\377\000B\000.\0006\000\040\000e\000q\000\137\000o\000p\000s\000\040\000M\000o\000d\000u\000l\000e\000\040\000R\000e\000f\000e\000r\000e\000n\000c\000e}{appendix.1.B}% 41
\BOOKMARK [1][-]{section.1.B.7}{\376\377\000B\000.\0007\000\040\000e\000q\000\137\000u\000t\000i\000l\000i\000t\000i\000e\000s\000\040\000M\000o\000d\000u\000l\000e\000\040\000R\000e\000f\000e\000r\000e\000n\000c\000e}{appendix.1.B}% 42
\BOOKMARK [1][-]{section.1.B.8}{\376\377\000B\000.\0008\000\040\000e\000q\000\137\000v\000a\000r\000s\000\040\000M\000o\000d\000u\000l\000e\000\040\000R\000e\000f\000e\000r\000e\000n\000c\000e}{appendix.1.B}% 43
\BOOKMARK [1][-]{section.1.B.9}{\376\377\000B\000.\0009\000\040\000f\000i\000l\000e\000s\000\137\000o\000p\000s\000\040\000M\000o\000d\000u\000l\000e\000\040\000R\000e\000f\000e\000r\000e\000n\000c\000e}{appendix.1.B}% 44
\BOOKMARK [1][-]{section.1.B.10}{\376\377\000B\000.\0001\0000\000\040\000f\000i\000l\000e\000s\000\137\000u\000t\000i\000l\000i\000t\000i\000e\000s\000\040\000M\000o\000d\000u\000l\000e\000\040\000R\000e\000f\000e\000r\000e\000n\000c\000e}{appendix.1.B}% 45
\BOOKMARK [1][-]{section.1.B.11}{\376\377\000B\000.\0001\0001\000\040\000g\000r\000i\000d\000\137\000o\000p\000s\000\040\000M\000o\000d\000u\000l\000e\000\040\000R\000e\000f\000e\000r\000e\000n\000c\000e}{appendix.1.B}% 46
\BOOKMARK [1][-]{section.1.B.12}{\376\377\000B\000.\0001\0002\000\040\000g\000r\000i\000d\000\137\000u\000t\000i\000l\000i\000t\000i\000e\000s\000\040\000M\000o\000d\000u\000l\000e\000\040\000R\000e\000f\000e\000r\000e\000n\000c\000e}{appendix.1.B}% 47
\BOOKMARK [1][-]{section.1.B.13}{\376\377\000B\000.\0001\0003\000\040\000g\000r\000i\000d\000\137\000v\000a\000r\000s\000\040\000M\000o\000d\000u\000l\000e\000\040\000R\000e\000f\000e\000r\000e\000n\000c\000e}{appendix.1.B}% 48
\BOOKMARK [1][-]{section.1.B.14}{\376\377\000B\000.\0001\0004\000\040\000h\000d\000f\0005\000\137\000o\000p\000s\000\040\000M\000o\000d\000u\000l\000e\000\040\000R\000e\000f\000e\000r\000e\000n\000c\000e}{appendix.1.B}% 49
\BOOKMARK [1][-]{section.1.B.15}{\376\377\000B\000.\0001\0005\000\040\000h\000d\000f\0005\000\137\000u\000t\000i\000l\000i\000t\000i\000e\000s\000\040\000M\000o\000d\000u\000l\000e\000\040\000R\000e\000f\000e\000r\000e\000n\000c\000e}{appendix.1.B}% 50
\BOOKMARK [1][-]{section.1.B.16}{\376\377\000B\000.\0001\0006\000\040\000h\000d\000f\0005\000\137\000v\000a\000r\000s\000\040\000M\000o\000d\000u\000l\000e\000\040\000R\000e\000f\000e\000r\000e\000n\000c\000e}{appendix.1.B}% 51
\BOOKMARK [1][-]{section.1.B.17}{\376\377\000B\000.\0001\0007\000\040\000h\000e\000l\000e\000n\000a\000\137\000o\000p\000s\000\040\000M\000o\000d\000u\000l\000e\000\040\000R\000e\000f\000e\000r\000e\000n\000c\000e}{appendix.1.B}% 52
\BOOKMARK [1][-]{section.1.B.18}{\376\377\000B\000.\0001\0008\000\040\000h\000e\000l\000e\000n\000a\000\137\000v\000a\000r\000s\000\040\000M\000o\000d\000u\000l\000e\000\040\000R\000e\000f\000e\000r\000e\000n\000c\000e}{appendix.1.B}% 53
\BOOKMARK [1][-]{section.1.B.19}{\376\377\000B\000.\0001\0009\000\040\000i\000n\000p\000u\000t\000\137\000o\000p\000s\000\040\000M\000o\000d\000u\000l\000e\000\040\000R\000e\000f\000e\000r\000e\000n\000c\000e}{appendix.1.B}% 54
\BOOKMARK [1][-]{section.1.B.20}{\376\377\000B\000.\0002\0000\000\040\000i\000n\000p\000u\000t\000\137\000u\000t\000i\000l\000i\000t\000i\000e\000s\000\040\000M\000o\000d\000u\000l\000e\000\040\000R\000e\000f\000e\000r\000e\000n\000c\000e}{appendix.1.B}% 55
\BOOKMARK [1][-]{section.1.B.21}{\376\377\000B\000.\0002\0001\000\040\000m\000e\000s\000s\000a\000g\000e\000s\000\040\000M\000o\000d\000u\000l\000e\000\040\000R\000e\000f\000e\000r\000e\000n\000c\000e}{appendix.1.B}% 56
\BOOKMARK [1][-]{section.1.B.22}{\376\377\000B\000.\0002\0002\000\040\000m\000p\000i\000\137\000o\000p\000s\000\040\000M\000o\000d\000u\000l\000e\000\040\000R\000e\000f\000e\000r\000e\000n\000c\000e}{appendix.1.B}% 57
\BOOKMARK [1][-]{section.1.B.23}{\376\377\000B\000.\0002\0003\000\040\000m\000p\000i\000\137\000u\000t\000i\000l\000i\000t\000i\000e\000s\000\040\000M\000o\000d\000u\000l\000e\000\040\000R\000e\000f\000e\000r\000e\000n\000c\000e}{appendix.1.B}% 58
\BOOKMARK [1][-]{section.1.B.24}{\376\377\000B\000.\0002\0004\000\040\000m\000p\000i\000\137\000v\000a\000r\000s\000\040\000M\000o\000d\000u\000l\000e\000\040\000R\000e\000f\000e\000r\000e\000n\000c\000e}{appendix.1.B}% 59
\BOOKMARK [1][-]{section.1.B.25}{\376\377\000B\000.\0002\0005\000\040\000n\000u\000m\000\137\000o\000p\000s\000\040\000M\000o\000d\000u\000l\000e\000\040\000R\000e\000f\000e\000r\000e\000n\000c\000e}{appendix.1.B}% 60
\BOOKMARK [1][-]{section.1.B.26}{\376\377\000B\000.\0002\0006\000\040\000n\000u\000m\000\137\000u\000t\000i\000l\000i\000t\000i\000e\000s\000\040\000M\000o\000d\000u\000l\000e\000\040\000R\000e\000f\000e\000r\000e\000n\000c\000e}{appendix.1.B}% 61
\BOOKMARK [1][-]{section.1.B.27}{\376\377\000B\000.\0002\0007\000\040\000n\000u\000m\000\137\000v\000a\000r\000s\000\040\000M\000o\000d\000u\000l\000e\000\040\000R\000e\000f\000e\000r\000e\000n\000c\000e}{appendix.1.B}% 62
\BOOKMARK [1][-]{section.1.B.28}{\376\377\000B\000.\0002\0008\000\040\000o\000u\000t\000p\000u\000t\000\137\000o\000p\000s\000\040\000M\000o\000d\000u\000l\000e\000\040\000R\000e\000f\000e\000r\000e\000n\000c\000e}{appendix.1.B}% 63
\BOOKMARK [1][-]{section.1.B.29}{\376\377\000B\000.\0002\0009\000\040\000p\000b\0003\000d\000\137\000o\000p\000s\000\040\000M\000o\000d\000u\000l\000e\000\040\000R\000e\000f\000e\000r\000e\000n\000c\000e}{appendix.1.B}% 64
\BOOKMARK [1][-]{section.1.B.30}{\376\377\000B\000.\0003\0000\000\040\000p\000b\0003\000d\000\137\000u\000t\000i\000l\000i\000t\000i\000e\000s\000\040\000M\000o\000d\000u\000l\000e\000\040\000R\000e\000f\000e\000r\000e\000n\000c\000e}{appendix.1.B}% 65
\BOOKMARK [1][-]{section.1.B.31}{\376\377\000B\000.\0003\0001\000\040\000r\000i\000c\000h\000\137\000o\000p\000s\000\040\000M\000o\000d\000u\000l\000e\000\040\000R\000e\000f\000e\000r\000e\000n\000c\000e}{appendix.1.B}% 66
\BOOKMARK [1][-]{section.1.B.32}{\376\377\000B\000.\0003\0002\000\040\000r\000i\000c\000h\000\137\000v\000a\000r\000s\000\040\000M\000o\000d\000u\000l\000e\000\040\000R\000e\000f\000e\000r\000e\000n\000c\000e}{appendix.1.B}% 67
\BOOKMARK [1][-]{section.1.B.33}{\376\377\000B\000.\0003\0003\000\040\000s\000l\000e\000p\000c\000\137\000o\000p\000s\000\040\000M\000o\000d\000u\000l\000e\000\040\000R\000e\000f\000e\000r\000e\000n\000c\000e}{appendix.1.B}% 68
\BOOKMARK [1][-]{section.1.B.34}{\376\377\000B\000.\0003\0004\000\040\000s\000l\000e\000p\000c\000\137\000u\000t\000i\000l\000i\000t\000i\000e\000s\000\040\000M\000o\000d\000u\000l\000e\000\040\000R\000e\000f\000e\000r\000e\000n\000c\000e}{appendix.1.B}% 69
\BOOKMARK [1][-]{section.1.B.35}{\376\377\000B\000.\0003\0005\000\040\000s\000o\000l\000\137\000o\000p\000s\000\040\000M\000o\000d\000u\000l\000e\000\040\000R\000e\000f\000e\000r\000e\000n\000c\000e}{appendix.1.B}% 70
\BOOKMARK [1][-]{section.1.B.36}{\376\377\000B\000.\0003\0006\000\040\000s\000o\000l\000\137\000u\000t\000i\000l\000i\000t\000i\000e\000s\000\040\000M\000o\000d\000u\000l\000e\000\040\000R\000e\000f\000e\000r\000e\000n\000c\000e}{appendix.1.B}% 71
\BOOKMARK [1][-]{section.1.B.37}{\376\377\000B\000.\0003\0007\000\040\000s\000o\000l\000\137\000v\000a\000r\000s\000\040\000M\000o\000d\000u\000l\000e\000\040\000R\000e\000f\000e\000r\000e\000n\000c\000e}{appendix.1.B}% 72
\BOOKMARK [1][-]{section.1.B.38}{\376\377\000B\000.\0003\0008\000\040\000s\000t\000r\000\137\000u\000t\000i\000l\000i\000t\000i\000e\000s\000\040\000M\000o\000d\000u\000l\000e\000\040\000R\000e\000f\000e\000r\000e\000n\000c\000e}{appendix.1.B}% 73
\BOOKMARK [1][-]{section.1.B.39}{\376\377\000B\000.\0003\0009\000\040\000t\000e\000s\000t\000\040\000M\000o\000d\000u\000l\000e\000\040\000R\000e\000f\000e\000r\000e\000n\000c\000e}{appendix.1.B}% 74
\BOOKMARK [1][-]{section.1.B.40}{\376\377\000B\000.\0004\0000\000\040\000v\000a\000c\000\137\000o\000p\000s\000\040\000M\000o\000d\000u\000l\000e\000\040\000R\000e\000f\000e\000r\000e\000n\000c\000e}{appendix.1.B}% 75
\BOOKMARK [1][-]{section.1.B.41}{\376\377\000B\000.\0004\0001\000\040\000v\000a\000c\000\137\000u\000t\000i\000l\000i\000t\000i\000e\000s\000\040\000M\000o\000d\000u\000l\000e\000\040\000R\000e\000f\000e\000r\000e\000n\000c\000e}{appendix.1.B}% 76
\BOOKMARK [1][-]{section.1.B.42}{\376\377\000B\000.\0004\0002\000\040\000v\000a\000c\000\137\000v\000a\000r\000s\000\040\000M\000o\000d\000u\000l\000e\000\040\000R\000e\000f\000e\000r\000e\000n\000c\000e}{appendix.1.B}% 77
\BOOKMARK [1][-]{section.1.B.43}{\376\377\000B\000.\0004\0003\000\040\000v\000m\000e\000c\000\137\000o\000p\000s\000\040\000M\000o\000d\000u\000l\000e\000\040\000R\000e\000f\000e\000r\000e\000n\000c\000e}{appendix.1.B}% 78
\BOOKMARK [1][-]{section.1.B.44}{\376\377\000B\000.\0004\0004\000\040\000v\000m\000e\000c\000\137\000u\000t\000i\000l\000i\000t\000i\000e\000s\000\040\000M\000o\000d\000u\000l\000e\000\040\000R\000e\000f\000e\000r\000e\000n\000c\000e}{appendix.1.B}% 79
\BOOKMARK [1][-]{section.1.B.45}{\376\377\000B\000.\0004\0005\000\040\000v\000m\000e\000c\000\137\000v\000a\000r\000s\000\040\000M\000o\000d\000u\000l\000e\000\040\000R\000e\000f\000e\000r\000e\000n\000c\000e}{appendix.1.B}% 80
\BOOKMARK [1][-]{section.1.B.46}{\376\377\000B\000.\0004\0006\000\040\000x\000\137\000o\000p\000s\000\040\000M\000o\000d\000u\000l\000e\000\040\000R\000e\000f\000e\000r\000e\000n\000c\000e}{appendix.1.B}% 81
\BOOKMARK [1][-]{section.1.B.47}{\376\377\000B\000.\0004\0007\000\040\000x\000\137\000u\000t\000i\000l\000i\000t\000i\000e\000s\000\040\000M\000o\000d\000u\000l\000e\000\040\000R\000e\000f\000e\000r\000e\000n\000c\000e}{appendix.1.B}% 82
\BOOKMARK [1][-]{section.1.B.48}{\376\377\000B\000.\0004\0008\000\040\000x\000\137\000v\000a\000r\000s\000\040\000M\000o\000d\000u\000l\000e\000\040\000R\000e\000f\000e\000r\000e\000n\000c\000e}{appendix.1.B}% 83
\BOOKMARK [0][-]{appendix.1.C}{\376\377\000A\000p\000p\000e\000n\000d\000i\000x\000\040\000C\000\040\000I\000n\000t\000e\000r\000f\000a\000c\000e\000s\000\040\000a\000n\000d\000\040\000T\000y\000p\000e\000s}{}% 84
\BOOKMARK [1][-]{section.1.C.1}{\376\377\000C\000.\0001\000\040\000n\000u\000m\000\137\000u\000t\000i\000l\000i\000t\000i\000e\000s\000:\000:\000a\000d\000d\000\137\000a\000r\000r\000\137\000m\000u\000l\000t\000\040\000I\000n\000t\000e\000r\000f\000a\000c\000e\000\040\000R\000e\000f\000e\000r\000e\000n\000c\000e}{appendix.1.C}% 85
\BOOKMARK [1][-]{section.1.C.2}{\376\377\000C\000.\0002\000\040\000m\000p\000i\000\137\000u\000t\000i\000l\000i\000t\000i\000e\000s\000:\000:\000b\000r\000o\000a\000d\000c\000a\000s\000t\000\137\000v\000a\000r\000\040\000I\000n\000t\000e\000r\000f\000a\000c\000e\000\040\000R\000e\000f\000e\000r\000e\000n\000c\000e}{appendix.1.C}% 86
\BOOKMARK [1][-]{section.1.C.3}{\376\377\000C\000.\0003\000\040\000n\000u\000m\000\137\000u\000t\000i\000l\000i\000t\000i\000e\000s\000:\000:\000b\000u\000b\000b\000l\000e\000\137\000s\000o\000r\000t\000\040\000I\000n\000t\000e\000r\000f\000a\000c\000e\000\040\000R\000e\000f\000e\000r\000e\000n\000c\000e}{appendix.1.C}% 87
\BOOKMARK [1][-]{section.1.C.4}{\376\377\000C\000.\0004\000\040\000n\000u\000m\000\137\000u\000t\000i\000l\000i\000t\000i\000e\000s\000:\000:\000c\000a\000l\000c\000\137\000d\000e\000t\000\040\000I\000n\000t\000e\000r\000f\000a\000c\000e\000\040\000R\000e\000f\000e\000r\000e\000n\000c\000e}{appendix.1.C}% 88
\BOOKMARK [1][-]{section.1.C.5}{\376\377\000C\000.\0005\000\040\000e\000q\000\137\000o\000p\000s\000:\000:\000c\000a\000l\000c\000\137\000e\000q\000\040\000I\000n\000t\000e\000r\000f\000a\000c\000e\000\040\000R\000e\000f\000e\000r\000e\000n\000c\000e}{appendix.1.C}% 89
\BOOKMARK [1][-]{section.1.C.6}{\376\377\000C\000.\0006\000\040\000g\000r\000i\000d\000\137\000u\000t\000i\000l\000i\000t\000i\000e\000s\000:\000:\000c\000a\000l\000c\000\137\000e\000q\000d\000\137\000g\000r\000i\000d\000\040\000I\000n\000t\000e\000r\000f\000a\000c\000e\000\040\000R\000e\000f\000e\000r\000e\000n\000c\000e}{appendix.1.C}% 90
\BOOKMARK [1][-]{section.1.C.7}{\376\377\000C\000.\0007\000\040\000e\000q\000\137\000u\000t\000i\000l\000i\000t\000i\000e\000s\000:\000:\000c\000a\000l\000c\000\137\000f\000\137\000d\000e\000r\000i\000v\000s\000\040\000I\000n\000t\000e\000r\000f\000a\000c\000e\000\040\000R\000e\000f\000e\000r\000e\000n\000c\000e}{appendix.1.C}% 91
\BOOKMARK [1][-]{section.1.C.8}{\376\377\000C\000.\0008\000\040\000e\000q\000\137\000o\000p\000s\000:\000:\000c\000a\000l\000c\000\137\000g\000\137\000c\000\040\000I\000n\000t\000e\000r\000f\000a\000c\000e\000\040\000R\000e\000f\000e\000r\000e\000n\000c\000e}{appendix.1.C}% 92
\BOOKMARK [1][-]{section.1.C.9}{\376\377\000C\000.\0009\000\040\000e\000q\000\137\000o\000p\000s\000:\000:\000c\000a\000l\000c\000\137\000g\000\137\000f\000\040\000I\000n\000t\000e\000r\000f\000a\000c\000e\000\040\000R\000e\000f\000e\000r\000e\000n\000c\000e}{appendix.1.C}% 93
\BOOKMARK [1][-]{section.1.C.10}{\376\377\000C\000.\0001\0000\000\040\000e\000q\000\137\000o\000p\000s\000:\000:\000c\000a\000l\000c\000\137\000g\000\137\000h\000\040\000I\000n\000t\000e\000r\000f\000a\000c\000e\000\040\000R\000e\000f\000e\000r\000e\000n\000c\000e}{appendix.1.C}% 94
\BOOKMARK [1][-]{section.1.C.11}{\376\377\000C\000.\0001\0001\000\040\000e\000q\000\137\000o\000p\000s\000:\000:\000c\000a\000l\000c\000\137\000g\000\137\000v\000\040\000I\000n\000t\000e\000r\000f\000a\000c\000e\000\040\000R\000e\000f\000e\000r\000e\000n\000c\000e}{appendix.1.C}% 95
\BOOKMARK [1][-]{section.1.C.12}{\376\377\000C\000.\0001\0002\000\040\000n\000u\000m\000\137\000u\000t\000i\000l\000i\000t\000i\000e\000s\000:\000:\000c\000a\000l\000c\000\137\000i\000n\000t\000\040\000I\000n\000t\000e\000r\000f\000a\000c\000e\000\040\000R\000e\000f\000e\000r\000e\000n\000c\000e}{appendix.1.C}% 96
\BOOKMARK [1][-]{section.1.C.13}{\376\377\000C\000.\0001\0003\000\040\000n\000u\000m\000\137\000u\000t\000i\000l\000i\000t\000i\000e\000s\000:\000:\000c\000a\000l\000c\000\137\000i\000n\000v\000\040\000I\000n\000t\000e\000r\000f\000a\000c\000e\000\040\000R\000e\000f\000e\000r\000e\000n\000c\000e}{appendix.1.C}% 97
\BOOKMARK [1][-]{section.1.C.14}{\376\377\000C\000.\0001\0004\000\040\000e\000q\000\137\000u\000t\000i\000l\000i\000t\000i\000e\000s\000:\000:\000c\000a\000l\000c\000\137\000i\000n\000v\000\137\000m\000e\000t\000\040\000I\000n\000t\000e\000r\000f\000a\000c\000e\000\040\000R\000e\000f\000e\000r\000e\000n\000c\000e}{appendix.1.C}% 98
\BOOKMARK [1][-]{section.1.C.15}{\376\377\000C\000.\0001\0005\000\040\000e\000q\000\137\000o\000p\000s\000:\000:\000c\000a\000l\000c\000\137\000j\000a\000c\000\137\000f\000\040\000I\000n\000t\000e\000r\000f\000a\000c\000e\000\040\000R\000e\000f\000e\000r\000e\000n\000c\000e}{appendix.1.C}% 99
\BOOKMARK [1][-]{section.1.C.16}{\376\377\000C\000.\0001\0006\000\040\000e\000q\000\137\000o\000p\000s\000:\000:\000c\000a\000l\000c\000\137\000j\000a\000c\000\137\000h\000\040\000I\000n\000t\000e\000r\000f\000a\000c\000e\000\040\000R\000e\000f\000e\000r\000e\000n\000c\000e}{appendix.1.C}% 100
\BOOKMARK [1][-]{section.1.C.17}{\376\377\000C\000.\0001\0007\000\040\000e\000q\000\137\000o\000p\000s\000:\000:\000c\000a\000l\000c\000\137\000j\000a\000c\000\137\000v\000\040\000I\000n\000t\000e\000r\000f\000a\000c\000e\000\040\000R\000e\000f\000e\000r\000e\000n\000c\000e}{appendix.1.C}% 101
\BOOKMARK [1][-]{section.1.C.18}{\376\377\000C\000.\0001\0008\000\040\000n\000u\000m\000\137\000u\000t\000i\000l\000i\000t\000i\000e\000s\000:\000:\000c\000a\000l\000c\000\137\000m\000u\000l\000t\000\040\000I\000n\000t\000e\000r\000f\000a\000c\000e\000\040\000R\000e\000f\000e\000r\000e\000n\000c\000e}{appendix.1.C}% 102
\BOOKMARK [1][-]{section.1.C.19}{\376\377\000C\000.\0001\0009\000\040\000e\000q\000\137\000o\000p\000s\000:\000:\000c\000a\000l\000c\000\137\000r\000z\000l\000\040\000I\000n\000t\000e\000r\000f\000a\000c\000e\000\040\000R\000e\000f\000e\000r\000e\000n\000c\000e}{appendix.1.C}% 103
\BOOKMARK [1][-]{section.1.C.20}{\376\377\000C\000.\0002\0000\000\040\000e\000q\000\137\000o\000p\000s\000:\000:\000c\000a\000l\000c\000\137\000t\000\137\000h\000f\000\040\000I\000n\000t\000e\000r\000f\000a\000c\000e\000\040\000R\000e\000f\000e\000r\000e\000n\000c\000e}{appendix.1.C}% 104
\BOOKMARK [1][-]{section.1.C.21}{\376\377\000C\000.\0002\0001\000\040\000e\000q\000\137\000o\000p\000s\000:\000:\000c\000a\000l\000c\000\137\000t\000\137\000v\000c\000\040\000I\000n\000t\000e\000r\000f\000a\000c\000e\000\040\000R\000e\000f\000e\000r\000e\000n\000c\000e}{appendix.1.C}% 105
\BOOKMARK [1][-]{section.1.C.22}{\376\377\000C\000.\0002\0002\000\040\000e\000q\000\137\000o\000p\000s\000:\000:\000c\000a\000l\000c\000\137\000t\000\137\000v\000f\000\040\000I\000n\000t\000e\000r\000f\000a\000c\000e\000\040\000R\000e\000f\000e\000r\000e\000n\000c\000e}{appendix.1.C}% 106
\BOOKMARK [1][-]{section.1.C.23}{\376\377\000C\000.\0002\0003\000\040\000g\000r\000i\000d\000\137\000u\000t\000i\000l\000i\000t\000i\000e\000s\000:\000:\000c\000a\000l\000c\000\137\000t\000o\000r\000\137\000d\000i\000f\000f\000\040\000I\000n\000t\000e\000r\000f\000a\000c\000e\000\040\000R\000e\000f\000e\000r\000e\000n\000c\000e}{appendix.1.C}% 107
\BOOKMARK [1][-]{section.1.C.24}{\376\377\000C\000.\0002\0004\000\040\000x\000\137\000o\000p\000s\000:\000:\000c\000a\000l\000c\000\137\000x\000\040\000I\000n\000t\000e\000r\000f\000a\000c\000e\000\040\000R\000e\000f\000e\000r\000e\000n\000c\000e}{appendix.1.C}% 108
\BOOKMARK [1][-]{section.1.C.25}{\376\377\000C\000.\0002\0005\000\040\000s\000o\000l\000\137\000u\000t\000i\000l\000i\000t\000i\000e\000s\000:\000:\000c\000a\000l\000c\000\137\000x\000u\000q\000\040\000I\000n\000t\000e\000r\000f\000a\000c\000e\000\040\000R\000e\000f\000e\000r\000e\000n\000c\000e}{appendix.1.C}% 109
\BOOKMARK [1][-]{section.1.C.26}{\376\377\000C\000.\0002\0006\000\040\000n\000u\000m\000\137\000o\000p\000s\000:\000:\000c\000a\000l\000c\000\137\000z\000e\000r\000o\000\137\000h\000h\000\040\000I\000n\000t\000e\000r\000f\000a\000c\000e\000\040\000R\000e\000f\000e\000r\000e\000n\000c\000e}{appendix.1.C}% 110
\BOOKMARK [1][-]{section.1.C.27}{\376\377\000C\000.\0002\0007\000\040\000n\000u\000m\000\137\000u\000t\000i\000l\000i\000t\000i\000e\000s\000:\000:\000c\000o\000n\000\040\000I\000n\000t\000e\000r\000f\000a\000c\000e\000\040\000R\000e\000f\000e\000r\000e\000n\000c\000e}{appendix.1.C}% 111
\BOOKMARK [1][-]{section.1.C.28}{\376\377\000C\000.\0002\0008\000\040\000n\000u\000m\000\137\000u\000t\000i\000l\000i\000t\000i\000e\000s\000:\000:\000c\000o\000n\0002\000d\000i\000s\000\040\000I\000n\000t\000e\000r\000f\000a\000c\000e\000\040\000R\000e\000f\000e\000r\000e\000n\000c\000e}{appendix.1.C}% 112
\BOOKMARK [1][-]{section.1.C.29}{\376\377\000C\000.\0002\0009\000\040\000p\000b\0003\000d\000\137\000u\000t\000i\000l\000i\000t\000i\000e\000s\000:\000:\000c\000o\000n\000v\000\137\0001\000d\0002\000n\000d\000\040\000I\000n\000t\000e\000r\000f\000a\000c\000e\000\040\000R\000e\000f\000e\000r\000e\000n\000c\000e}{appendix.1.C}% 113
\BOOKMARK [1][-]{section.1.C.30}{\376\377\000C\000.\0003\0000\000\040\000n\000u\000m\000\137\000u\000t\000i\000l\000i\000t\000i\000e\000s\000:\000:\000c\000o\000n\000v\000\137\000m\000a\000t\000\040\000I\000n\000t\000e\000r\000f\000a\000c\000e\000\040\000R\000e\000f\000e\000r\000e\000n\000c\000e}{appendix.1.C}% 114
\BOOKMARK [1][-]{section.1.C.31}{\376\377\000C\000.\0003\0001\000\040\000g\000r\000i\000d\000\137\000u\000t\000i\000l\000i\000t\000i\000e\000s\000:\000:\000c\000o\000o\000r\000d\000\137\000e\0002\000f\000\040\000I\000n\000t\000e\000r\000f\000a\000c\000e\000\040\000R\000e\000f\000e\000r\000e\000n\000c\000e}{appendix.1.C}% 115
\BOOKMARK [1][-]{section.1.C.32}{\376\377\000C\000.\0003\0002\000\040\000g\000r\000i\000d\000\137\000u\000t\000i\000l\000i\000t\000i\000e\000s\000:\000:\000c\000o\000o\000r\000d\000\137\000f\0002\000e\000\040\000I\000n\000t\000e\000r\000f\000a\000c\000e\000\040\000R\000e\000f\000e\000r\000e\000n\000c\000e}{appendix.1.C}% 116
\BOOKMARK [1][-]{section.1.C.33}{\376\377\000C\000.\0003\0003\000\040\000h\000d\000f\0005\000\137\000v\000a\000r\000s\000:\000:\000d\000e\000a\000l\000l\000o\000c\000\137\000v\000a\000r\000\137\0001\000d\000\040\000I\000n\000t\000e\000r\000f\000a\000c\000e\000\040\000R\000e\000f\000e\000r\000e\000n\000c\000e}{appendix.1.C}% 117
\BOOKMARK [1][-]{section.1.C.34}{\376\377\000C\000.\0003\0004\000\040\000h\000d\000f\0005\000\137\000v\000a\000r\000s\000:\000:\000d\000e\000a\000l\000l\000o\000c\000\137\000x\000m\000l\000\137\000s\000t\000r\000\040\000I\000n\000t\000e\000r\000f\000a\000c\000e\000\040\000R\000e\000f\000e\000r\000e\000n\000c\000e}{appendix.1.C}% 118
\BOOKMARK [1][-]{section.1.C.35}{\376\377\000C\000.\0003\0005\000\040\000n\000u\000m\000\137\000u\000t\000i\000l\000i\000t\000i\000e\000s\000:\000:\000d\000i\000s\0002\000c\000o\000n\000\040\000I\000n\000t\000e\000r\000f\000a\000c\000e\000\040\000R\000e\000f\000e\000r\000e\000n\000c\000e}{appendix.1.C}% 119
\BOOKMARK [1][-]{section.1.C.36}{\376\377\000C\000.\0003\0006\000\040\000e\000q\000\137\000v\000a\000r\000s\000:\000:\000e\000q\000\137\0001\000\137\000t\000y\000p\000e\000\040\000T\000y\000p\000e\000\040\000R\000e\000f\000e\000r\000e\000n\000c\000e}{appendix.1.C}% 120
\BOOKMARK [1][-]{section.1.C.37}{\376\377\000C\000.\0003\0007\000\040\000e\000q\000\137\000v\000a\000r\000s\000:\000:\000e\000q\000\137\0002\000\137\000t\000y\000p\000e\000\040\000T\000y\000p\000e\000\040\000R\000e\000f\000e\000r\000e\000n\000c\000e}{appendix.1.C}% 121
\BOOKMARK [1][-]{section.1.C.38}{\376\377\000C\000.\0003\0008\000\040\000v\000m\000e\000c\000\137\000u\000t\000i\000l\000i\000t\000i\000e\000s\000:\000:\000f\000o\000u\000r\000i\000e\000r\0002\000r\000e\000a\000l\000\040\000I\000n\000t\000e\000r\000f\000a\000c\000e\000\040\000R\000e\000f\000e\000r\000e\000n\000c\000e}{appendix.1.C}% 122
\BOOKMARK [1][-]{section.1.C.39}{\376\377\000C\000.\0003\0009\000\040\000m\000p\000i\000\137\000u\000t\000i\000l\000i\000t\000i\000e\000s\000:\000:\000g\000e\000t\000\137\000g\000h\000o\000s\000t\000\137\000a\000r\000r\000\040\000I\000n\000t\000e\000r\000f\000a\000c\000e\000\040\000R\000e\000f\000e\000r\000e\000n\000c\000e}{appendix.1.C}% 123
\BOOKMARK [1][-]{section.1.C.40}{\376\377\000C\000.\0004\0000\000\040\000m\000p\000i\000\137\000u\000t\000i\000l\000i\000t\000i\000e\000s\000:\000:\000g\000e\000t\000\137\000s\000e\000r\000\137\000v\000a\000r\000\040\000I\000n\000t\000e\000r\000f\000a\000c\000e\000\040\000R\000e\000f\000e\000r\000e\000n\000c\000e}{appendix.1.C}% 124
\BOOKMARK [1][-]{section.1.C.41}{\376\377\000C\000.\0004\0001\000\040\000g\000r\000i\000d\000\137\000v\000a\000r\000s\000:\000:\000g\000r\000i\000d\000\137\000t\000y\000p\000e\000\040\000T\000y\000p\000e\000\040\000R\000e\000f\000e\000r\000e\000n\000c\000e}{appendix.1.C}% 125
\BOOKMARK [1][-]{section.1.C.42}{\376\377\000C\000.\0004\0002\000\040\000h\000d\000f\0005\000\137\000v\000a\000r\000s\000:\000:\000h\000d\000f\0005\000\137\000f\000i\000l\000e\000\137\000t\000y\000p\000e\000\040\000T\000y\000p\000e\000\040\000R\000e\000f\000e\000r\000e\000n\000c\000e}{appendix.1.C}% 126
\BOOKMARK [1][-]{section.1.C.43}{\376\377\000C\000.\0004\0003\000\040\000m\000p\000i\000\137\000v\000a\000r\000s\000:\000:\000l\000o\000c\000k\000\137\000t\000y\000p\000e\000\040\000T\000y\000p\000e\000\040\000R\000e\000f\000e\000r\000e\000n\000c\000e}{appendix.1.C}% 127
\BOOKMARK [1][-]{section.1.C.44}{\376\377\000C\000.\0004\0004\000\040\000x\000\137\000v\000a\000r\000s\000:\000:\000m\000o\000d\000e\000s\000\137\000t\000y\000p\000e\000\040\000T\000y\000p\000e\000\040\000R\000e\000f\000e\000r\000e\000n\000c\000e}{appendix.1.C}% 128
\BOOKMARK [1][-]{section.1.C.45}{\376\377\000C\000.\0004\0005\000\040\000n\000u\000m\000\137\000u\000t\000i\000l\000i\000t\000i\000e\000s\000:\000:\000o\000r\000d\000e\000r\000\137\000p\000e\000r\000\137\000f\000u\000n\000\040\000I\000n\000t\000e\000r\000f\000a\000c\000e\000\040\000R\000e\000f\000e\000r\000e\000n\000c\000e}{appendix.1.C}% 129
\BOOKMARK [1][-]{section.1.C.46}{\376\377\000C\000.\0004\0006\000\040\000o\000u\000t\000p\000u\000t\000\137\000o\000p\000s\000:\000:\000p\000l\000o\000t\000\137\000h\000d\000f\0005\000\040\000I\000n\000t\000e\000r\000f\000a\000c\000e\000\040\000R\000e\000f\000e\000r\000e\000n\000c\000e}{appendix.1.C}% 130
\BOOKMARK [1][-]{section.1.C.47}{\376\377\000C\000.\0004\0007\000\040\000o\000u\000t\000p\000u\000t\000\137\000o\000p\000s\000:\000:\000p\000r\000i\000n\000t\000\137\000e\000x\000\137\0002\000d\000\040\000I\000n\000t\000e\000r\000f\000a\000c\000e\000\040\000R\000e\000f\000e\000r\000e\000n\000c\000e}{appendix.1.C}% 131
\BOOKMARK [1][-]{section.1.C.48}{\376\377\000C\000.\0004\0008\000\040\000o\000u\000t\000p\000u\000t\000\137\000o\000p\000s\000:\000:\000p\000r\000i\000n\000t\000\137\000e\000x\000\137\0003\000d\000\040\000I\000n\000t\000e\000r\000f\000a\000c\000e\000\040\000R\000e\000f\000e\000r\000e\000n\000c\000e}{appendix.1.C}% 132
\BOOKMARK [1][-]{section.1.C.49}{\376\377\000C\000.\0004\0009\000\040\000e\000q\000\137\000o\000p\000s\000:\000:\000p\000r\000i\000n\000t\000\137\000o\000u\000t\000p\000u\000t\000\137\000e\000q\000\040\000I\000n\000t\000e\000r\000f\000a\000c\000e\000\040\000R\000e\000f\000e\000r\000e\000n\000c\000e}{appendix.1.C}% 133
\BOOKMARK [1][-]{section.1.C.50}{\376\377\000C\000.\0005\0000\000\040\000x\000\137\000o\000p\000s\000:\000:\000p\000r\000i\000n\000t\000\137\000o\000u\000t\000p\000u\000t\000\137\000x\000\040\000I\000n\000t\000e\000r\000f\000a\000c\000e\000\040\000R\000e\000f\000e\000r\000e\000n\000c\000e}{appendix.1.C}% 134
\BOOKMARK [1][-]{section.1.C.51}{\376\377\000C\000.\0005\0001\000\040\000e\000q\000\137\000o\000p\000s\000:\000:\000r\000e\000d\000i\000s\000t\000r\000i\000b\000u\000t\000e\000\137\000o\000u\000t\000p\000u\000t\000\137\000e\000q\000\040\000I\000n\000t\000e\000r\000f\000a\000c\000e\000\040\000R\000e\000f\000e\000r\000e\000n\000c\000e}{appendix.1.C}% 135
\BOOKMARK [1][-]{section.1.C.52}{\376\377\000C\000.\0005\0002\000\040\000x\000\137\000o\000p\000s\000:\000:\000r\000e\000d\000i\000s\000t\000r\000i\000b\000u\000t\000e\000\137\000o\000u\000t\000p\000u\000t\000\137\000x\000\040\000I\000n\000t\000e\000r\000f\000a\000c\000e\000\040\000R\000e\000f\000e\000r\000e\000n\000c\000e}{appendix.1.C}% 136
\BOOKMARK [1][-]{section.1.C.53}{\376\377\000C\000.\0005\0003\000\040\000h\000d\000f\0005\000\137\000o\000p\000s\000:\000:\000r\000e\000s\000e\000t\000\137\000h\000d\000f\0005\000\137\000i\000t\000e\000m\000\040\000I\000n\000t\000e\000r\000f\000a\000c\000e\000\040\000R\000e\000f\000e\000r\000e\000n\000c\000e}{appendix.1.C}% 137
\BOOKMARK [1][-]{section.1.C.54}{\376\377\000C\000.\0005\0004\000\040\000n\000u\000m\000\137\000u\000t\000i\000l\000i\000t\000i\000e\000s\000:\000:\000r\000o\000u\000n\000d\000\137\000w\000i\000t\000h\000\137\000t\000o\000l\000\040\000I\000n\000t\000e\000r\000f\000a\000c\000e\000\040\000R\000e\000f\000e\000r\000e\000n\000c\000e}{appendix.1.C}% 138
\BOOKMARK [1][-]{section.1.C.55}{\376\377\000C\000.\0005\0005\000\040\000x\000\137\000u\000t\000i\000l\000i\000t\000i\000e\000s\000:\000:\000s\000e\000c\000\137\000i\000n\000d\000\137\000l\000o\000c\0002\000t\000o\000t\000\040\000I\000n\000t\000e\000r\000f\000a\000c\000e\000\040\000R\000e\000f\000e\000r\000e\000n\000c\000e}{appendix.1.C}% 139
\BOOKMARK [1][-]{section.1.C.56}{\376\377\000C\000.\0005\0006\000\040\000x\000\137\000v\000a\000r\000s\000:\000:\000s\000e\000t\000\137\000n\000m\000\137\000x\000\040\000I\000n\000t\000e\000r\000f\000a\000c\000e\000\040\000R\000e\000f\000e\000r\000e\000n\000c\000e}{appendix.1.C}% 140
\BOOKMARK [1][-]{section.1.C.57}{\376\377\000C\000.\0005\0007\000\040\000s\000o\000l\000\137\000v\000a\000r\000s\000:\000:\000s\000o\000l\000\137\000t\000y\000p\000e\000\040\000T\000y\000p\000e\000\040\000R\000e\000f\000e\000r\000e\000n\000c\000e}{appendix.1.C}% 141
\BOOKMARK [1][-]{section.1.C.58}{\376\377\000C\000.\0005\0008\000\040\000n\000u\000m\000\137\000u\000t\000i\000l\000i\000t\000i\000e\000s\000:\000:\000s\000p\000l\000i\000n\000e\000\040\000I\000n\000t\000e\000r\000f\000a\000c\000e\000\040\000R\000e\000f\000e\000r\000e\000n\000c\000e}{appendix.1.C}% 142
\BOOKMARK [1][-]{section.1.C.59}{\376\377\000C\000.\0005\0009\000\040\000e\000q\000\137\000u\000t\000i\000l\000i\000t\000i\000e\000s\000:\000:\000t\000r\000a\000n\000s\000f\000\137\000d\000e\000r\000i\000v\000\040\000I\000n\000t\000e\000r\000f\000a\000c\000e\000\040\000R\000e\000f\000e\000r\000e\000n\000c\000e}{appendix.1.C}% 143
\BOOKMARK [1][-]{section.1.C.60}{\376\377\000C\000.\0006\0000\000\040\000v\000a\000c\000\137\000v\000a\000r\000s\000:\000:\000v\000a\000c\000\137\000t\000y\000p\000e\000\040\000T\000y\000p\000e\000\040\000R\000e\000f\000e\000r\000e\000n\000c\000e}{appendix.1.C}% 144
\BOOKMARK [1][-]{section.1.C.61}{\376\377\000C\000.\0006\0001\000\040\000h\000d\000f\0005\000\137\000v\000a\000r\000s\000:\000:\000v\000a\000r\000\137\0001\000d\000\137\000t\000y\000p\000e\000\040\000T\000y\000p\000e\000\040\000R\000e\000f\000e\000r\000e\000n\000c\000e}{appendix.1.C}% 145
\BOOKMARK [1][-]{section.1.C.62}{\376\377\000C\000.\0006\0002\000\040\000x\000\137\000v\000a\000r\000s\000:\000:\000x\000\137\0001\000\137\000t\000y\000p\000e\000\040\000T\000y\000p\000e\000\040\000R\000e\000f\000e\000r\000e\000n\000c\000e}{appendix.1.C}% 146
\BOOKMARK [1][-]{section.1.C.63}{\376\377\000C\000.\0006\0003\000\040\000x\000\137\000v\000a\000r\000s\000:\000:\000x\000\137\0002\000\137\000t\000y\000p\000e\000\040\000T\000y\000p\000e\000\040\000R\000e\000f\000e\000r\000e\000n\000c\000e}{appendix.1.C}% 147
\BOOKMARK [1][-]{section.1.C.64}{\376\377\000C\000.\0006\0004\000\040\000h\000d\000f\0005\000\137\000v\000a\000r\000s\000:\000:\000x\000m\000l\000\137\000s\000t\000r\000\137\000t\000y\000p\000e\000\040\000T\000y\000p\000e\000\040\000R\000e\000f\000e\000r\000e\000n\000c\000e}{appendix.1.C}% 148
\BOOKMARK [0][-]{appendix.1.D}{\376\377\000A\000p\000p\000e\000n\000d\000i\000x\000\040\000D\000\040\000F\000i\000l\000e\000\040\000D\000o\000c\000u\000m\000e\000n\000t\000a\000t\000i\000o\000n}{}% 149
\BOOKMARK [1][-]{section.1.D.1}{\376\377\000D\000.\0001\000\040\000D\000o\000c\000u\000m\000e\000n\000t\000a\000t\000i\000o\000n\000/\000f\000a\000q\000.\000d\000o\000x\000\040\000F\000i\000l\000e\000\040\000R\000e\000f\000e\000r\000e\000n\000c\000e}{appendix.1.D}% 150
\BOOKMARK [1][-]{section.1.D.2}{\376\377\000D\000.\0002\000\040\000D\000o\000c\000u\000m\000e\000n\000t\000a\000t\000i\000o\000n\000/\000i\000n\000p\000u\000t\000s\000.\000d\000o\000x\000\040\000F\000i\000l\000e\000\040\000R\000e\000f\000e\000r\000e\000n\000c\000e}{appendix.1.D}% 151
\BOOKMARK [1][-]{section.1.D.3}{\376\377\000D\000.\0003\000\040\000D\000o\000c\000u\000m\000e\000n\000t\000a\000t\000i\000o\000n\000/\000i\000n\000s\000t\000a\000l\000l\000a\000t\000i\000o\000n\000.\000d\000o\000x\000\040\000F\000i\000l\000e\000\040\000R\000e\000f\000e\000r\000e\000n\000c\000e}{appendix.1.D}% 152
\BOOKMARK [1][-]{section.1.D.4}{\376\377\000D\000.\0004\000\040\000D\000o\000c\000u\000m\000e\000n\000t\000a\000t\000i\000o\000n\000/\000m\000a\000i\000n\000p\000a\000g\000e\000.\000d\000o\000x\000\040\000F\000i\000l\000e\000\040\000R\000e\000f\000e\000r\000e\000n\000c\000e}{appendix.1.D}% 153
\BOOKMARK [1][-]{section.1.D.5}{\376\377\000D\000.\0005\000\040\000D\000o\000c\000u\000m\000e\000n\000t\000a\000t\000i\000o\000n\000/\000o\000u\000t\000p\000u\000t\000s\000.\000d\000o\000x\000\040\000F\000i\000l\000e\000\040\000R\000e\000f\000e\000r\000e\000n\000c\000e}{appendix.1.D}% 154
\BOOKMARK [1][-]{section.1.D.6}{\376\377\000D\000.\0006\000\040\000D\000o\000c\000u\000m\000e\000n\000t\000a\000t\000i\000o\000n\000/\000o\000v\000e\000r\000v\000i\000e\000w\000.\000d\000o\000x\000\040\000F\000i\000l\000e\000\040\000R\000e\000f\000e\000r\000e\000n\000c\000e}{appendix.1.D}% 155
\BOOKMARK [1][-]{section.1.D.7}{\376\377\000D\000.\0007\000\040\000D\000o\000c\000u\000m\000e\000n\000t\000a\000t\000i\000o\000n\000/\000t\000u\000t\000o\000r\000i\000a\000l\000.\000d\000o\000x\000\040\000F\000i\000l\000e\000\040\000R\000e\000f\000e\000r\000e\000n\000c\000e}{appendix.1.D}% 156
\BOOKMARK [1][-]{section.1.D.8}{\376\377\000D\000.\0008\000\040\000/\000U\000s\000e\000r\000s\000/\000t\000o\000o\000n\000w\000e\000y\000e\000n\000s\000/\000C\000o\000d\000e\000/\000P\000B\0003\000D\000/\000M\000o\000d\000u\000l\000e\000s\000/\000d\000r\000i\000v\000e\000r\000\137\000e\000q\000.\000f\0009\0000\000\040\000F\000i\000l\000e\000\040\000R\000e\000f\000e\000r\000e\000n\000c\000e}{appendix.1.D}% 157
\BOOKMARK [1][-]{section.1.D.9}{\376\377\000D\000.\0009\000\040\000d\000r\000i\000v\000e\000r\000\137\000e\000q\000.\000f\0009\0000}{appendix.1.D}% 158
\BOOKMARK [1][-]{section.1.D.10}{\376\377\000D\000.\0001\0000\000\040\000/\000U\000s\000e\000r\000s\000/\000t\000o\000o\000n\000w\000e\000y\000e\000n\000s\000/\000C\000o\000d\000e\000/\000P\000B\0003\000D\000/\000M\000o\000d\000u\000l\000e\000s\000/\000d\000r\000i\000v\000e\000r\000\137\000P\000O\000S\000T\000.\000f\0009\0000\000\040\000F\000i\000l\000e\000\040\000R\000e\000f\000e\000r\000e\000n\000c\000e}{appendix.1.D}% 159
\BOOKMARK [1][-]{section.1.D.11}{\376\377\000D\000.\0001\0001\000\040\000d\000r\000i\000v\000e\000r\000\137\000P\000O\000S\000T\000.\000f\0009\0000}{appendix.1.D}% 160
\BOOKMARK [1][-]{section.1.D.12}{\376\377\000D\000.\0001\0002\000\040\000/\000U\000s\000e\000r\000s\000/\000t\000o\000o\000n\000w\000e\000y\000e\000n\000s\000/\000C\000o\000d\000e\000/\000P\000B\0003\000D\000/\000M\000o\000d\000u\000l\000e\000s\000/\000d\000r\000i\000v\000e\000r\000\137\000s\000o\000l\000.\000f\0009\0000\000\040\000F\000i\000l\000e\000\040\000R\000e\000f\000e\000r\000e\000n\000c\000e}{appendix.1.D}% 161
\BOOKMARK [1][-]{section.1.D.13}{\376\377\000D\000.\0001\0003\000\040\000d\000r\000i\000v\000e\000r\000\137\000s\000o\000l\000.\000f\0009\0000}{appendix.1.D}% 162
\BOOKMARK [1][-]{section.1.D.14}{\376\377\000D\000.\0001\0004\000\040\000/\000U\000s\000e\000r\000s\000/\000t\000o\000o\000n\000w\000e\000y\000e\000n\000s\000/\000C\000o\000d\000e\000/\000P\000B\0003\000D\000/\000M\000o\000d\000u\000l\000e\000s\000/\000d\000r\000i\000v\000e\000r\000\137\000X\000.\000f\0009\0000\000\040\000F\000i\000l\000e\000\040\000R\000e\000f\000e\000r\000e\000n\000c\000e}{appendix.1.D}% 163
\BOOKMARK [1][-]{section.1.D.15}{\376\377\000D\000.\0001\0005\000\040\000d\000r\000i\000v\000e\000r\000\137\000X\000.\000f\0009\0000}{appendix.1.D}% 164
\BOOKMARK [1][-]{section.1.D.16}{\376\377\000D\000.\0001\0006\000\040\000/\000U\000s\000e\000r\000s\000/\000t\000o\000o\000n\000w\000e\000y\000e\000n\000s\000/\000C\000o\000d\000e\000/\000P\000B\0003\000D\000/\000M\000o\000d\000u\000l\000e\000s\000/\000d\000t\000o\000r\000h\000.\000f\0009\0000\000\040\000F\000i\000l\000e\000\040\000R\000e\000f\000e\000r\000e\000n\000c\000e}{appendix.1.D}% 165
\BOOKMARK [1][-]{section.1.D.17}{\376\377\000D\000.\0001\0007\000\040\000d\000t\000o\000r\000h\000.\000f\0009\0000}{appendix.1.D}% 166
\BOOKMARK [1][-]{section.1.D.18}{\376\377\000D\000.\0001\0008\000\040\000/\000U\000s\000e\000r\000s\000/\000t\000o\000o\000n\000w\000e\000y\000e\000n\000s\000/\000C\000o\000d\000e\000/\000P\000B\0003\000D\000/\000M\000o\000d\000u\000l\000e\000s\000/\000e\000q\000\137\000o\000p\000s\000.\000f\0009\0000\000\040\000F\000i\000l\000e\000\040\000R\000e\000f\000e\000r\000e\000n\000c\000e}{appendix.1.D}% 167
\BOOKMARK [1][-]{section.1.D.19}{\376\377\000D\000.\0001\0009\000\040\000e\000q\000\137\000o\000p\000s\000.\000f\0009\0000}{appendix.1.D}% 168
\BOOKMARK [1][-]{section.1.D.20}{\376\377\000D\000.\0002\0000\000\040\000/\000U\000s\000e\000r\000s\000/\000t\000o\000o\000n\000w\000e\000y\000e\000n\000s\000/\000C\000o\000d\000e\000/\000P\000B\0003\000D\000/\000M\000o\000d\000u\000l\000e\000s\000/\000e\000q\000\137\000u\000t\000i\000l\000i\000t\000i\000e\000s\000.\000f\0009\0000\000\040\000F\000i\000l\000e\000\040\000R\000e\000f\000e\000r\000e\000n\000c\000e}{appendix.1.D}% 169
\BOOKMARK [1][-]{section.1.D.21}{\376\377\000D\000.\0002\0001\000\040\000e\000q\000\137\000u\000t\000i\000l\000i\000t\000i\000e\000s\000.\000f\0009\0000}{appendix.1.D}% 170
\BOOKMARK [1][-]{section.1.D.22}{\376\377\000D\000.\0002\0002\000\040\000/\000U\000s\000e\000r\000s\000/\000t\000o\000o\000n\000w\000e\000y\000e\000n\000s\000/\000C\000o\000d\000e\000/\000P\000B\0003\000D\000/\000M\000o\000d\000u\000l\000e\000s\000/\000e\000q\000\137\000v\000a\000r\000s\000.\000f\0009\0000\000\040\000F\000i\000l\000e\000\040\000R\000e\000f\000e\000r\000e\000n\000c\000e}{appendix.1.D}% 171
\BOOKMARK [1][-]{section.1.D.23}{\376\377\000D\000.\0002\0003\000\040\000e\000q\000\137\000v\000a\000r\000s\000.\000f\0009\0000}{appendix.1.D}% 172
\BOOKMARK [1][-]{section.1.D.24}{\376\377\000D\000.\0002\0004\000\040\000/\000U\000s\000e\000r\000s\000/\000t\000o\000o\000n\000w\000e\000y\000e\000n\000s\000/\000C\000o\000d\000e\000/\000P\000B\0003\000D\000/\000M\000o\000d\000u\000l\000e\000s\000/\000f\000i\000l\000e\000s\000\137\000o\000p\000s\000.\000f\0009\0000\000\040\000F\000i\000l\000e\000\040\000R\000e\000f\000e\000r\000e\000n\000c\000e}{appendix.1.D}% 173
\BOOKMARK [1][-]{section.1.D.25}{\376\377\000D\000.\0002\0005\000\040\000f\000i\000l\000e\000s\000\137\000o\000p\000s\000.\000f\0009\0000}{appendix.1.D}% 174
\BOOKMARK [1][-]{section.1.D.26}{\376\377\000D\000.\0002\0006\000\040\000/\000U\000s\000e\000r\000s\000/\000t\000o\000o\000n\000w\000e\000y\000e\000n\000s\000/\000C\000o\000d\000e\000/\000P\000B\0003\000D\000/\000M\000o\000d\000u\000l\000e\000s\000/\000f\000i\000l\000e\000s\000\137\000u\000t\000i\000l\000i\000t\000i\000e\000s\000.\000f\0009\0000\000\040\000F\000i\000l\000e\000\040\000R\000e\000f\000e\000r\000e\000n\000c\000e}{appendix.1.D}% 175
\BOOKMARK [1][-]{section.1.D.27}{\376\377\000D\000.\0002\0007\000\040\000f\000i\000l\000e\000s\000\137\000u\000t\000i\000l\000i\000t\000i\000e\000s\000.\000f\0009\0000}{appendix.1.D}% 176
\BOOKMARK [1][-]{section.1.D.28}{\376\377\000D\000.\0002\0008\000\040\000/\000U\000s\000e\000r\000s\000/\000t\000o\000o\000n\000w\000e\000y\000e\000n\000s\000/\000C\000o\000d\000e\000/\000P\000B\0003\000D\000/\000M\000o\000d\000u\000l\000e\000s\000/\000g\000r\000i\000d\000\137\000o\000p\000s\000.\000f\0009\0000\000\040\000F\000i\000l\000e\000\040\000R\000e\000f\000e\000r\000e\000n\000c\000e}{appendix.1.D}% 177
\BOOKMARK [1][-]{section.1.D.29}{\376\377\000D\000.\0002\0009\000\040\000g\000r\000i\000d\000\137\000o\000p\000s\000.\000f\0009\0000}{appendix.1.D}% 178
\BOOKMARK [1][-]{section.1.D.30}{\376\377\000D\000.\0003\0000\000\040\000/\000U\000s\000e\000r\000s\000/\000t\000o\000o\000n\000w\000e\000y\000e\000n\000s\000/\000C\000o\000d\000e\000/\000P\000B\0003\000D\000/\000M\000o\000d\000u\000l\000e\000s\000/\000g\000r\000i\000d\000\137\000u\000t\000i\000l\000i\000t\000i\000e\000s\000.\000f\0009\0000\000\040\000F\000i\000l\000e\000\040\000R\000e\000f\000e\000r\000e\000n\000c\000e}{appendix.1.D}% 179
\BOOKMARK [1][-]{section.1.D.31}{\376\377\000D\000.\0003\0001\000\040\000g\000r\000i\000d\000\137\000u\000t\000i\000l\000i\000t\000i\000e\000s\000.\000f\0009\0000}{appendix.1.D}% 180
\BOOKMARK [1][-]{section.1.D.32}{\376\377\000D\000.\0003\0002\000\040\000/\000U\000s\000e\000r\000s\000/\000t\000o\000o\000n\000w\000e\000y\000e\000n\000s\000/\000C\000o\000d\000e\000/\000P\000B\0003\000D\000/\000M\000o\000d\000u\000l\000e\000s\000/\000g\000r\000i\000d\000\137\000v\000a\000r\000s\000.\000f\0009\0000\000\040\000F\000i\000l\000e\000\040\000R\000e\000f\000e\000r\000e\000n\000c\000e}{appendix.1.D}% 181
\BOOKMARK [1][-]{section.1.D.33}{\376\377\000D\000.\0003\0003\000\040\000g\000r\000i\000d\000\137\000v\000a\000r\000s\000.\000f\0009\0000}{appendix.1.D}% 182
\BOOKMARK [1][-]{section.1.D.34}{\376\377\000D\000.\0003\0004\000\040\000/\000U\000s\000e\000r\000s\000/\000t\000o\000o\000n\000w\000e\000y\000e\000n\000s\000/\000C\000o\000d\000e\000/\000P\000B\0003\000D\000/\000M\000o\000d\000u\000l\000e\000s\000/\000H\000D\000F\0005\000\137\000o\000p\000s\000.\000f\0009\0000\000\040\000F\000i\000l\000e\000\040\000R\000e\000f\000e\000r\000e\000n\000c\000e}{appendix.1.D}% 183
\BOOKMARK [1][-]{section.1.D.35}{\376\377\000D\000.\0003\0005\000\040\000H\000D\000F\0005\000\137\000o\000p\000s\000.\000f\0009\0000}{appendix.1.D}% 184
\BOOKMARK [1][-]{section.1.D.36}{\376\377\000D\000.\0003\0006\000\040\000/\000U\000s\000e\000r\000s\000/\000t\000o\000o\000n\000w\000e\000y\000e\000n\000s\000/\000C\000o\000d\000e\000/\000P\000B\0003\000D\000/\000M\000o\000d\000u\000l\000e\000s\000/\000H\000D\000F\0005\000\137\000u\000t\000i\000l\000i\000t\000i\000e\000s\000.\000f\0009\0000\000\040\000F\000i\000l\000e\000\040\000R\000e\000f\000e\000r\000e\000n\000c\000e}{appendix.1.D}% 185
\BOOKMARK [1][-]{section.1.D.37}{\376\377\000D\000.\0003\0007\000\040\000H\000D\000F\0005\000\137\000u\000t\000i\000l\000i\000t\000i\000e\000s\000.\000f\0009\0000}{appendix.1.D}% 186
\BOOKMARK [1][-]{section.1.D.38}{\376\377\000D\000.\0003\0008\000\040\000/\000U\000s\000e\000r\000s\000/\000t\000o\000o\000n\000w\000e\000y\000e\000n\000s\000/\000C\000o\000d\000e\000/\000P\000B\0003\000D\000/\000M\000o\000d\000u\000l\000e\000s\000/\000H\000D\000F\0005\000\137\000v\000a\000r\000s\000.\000f\0009\0000\000\040\000F\000i\000l\000e\000\040\000R\000e\000f\000e\000r\000e\000n\000c\000e}{appendix.1.D}% 187
\BOOKMARK [1][-]{section.1.D.39}{\376\377\000D\000.\0003\0009\000\040\000H\000D\000F\0005\000\137\000v\000a\000r\000s\000.\000f\0009\0000}{appendix.1.D}% 188
\BOOKMARK [1][-]{section.1.D.40}{\376\377\000D\000.\0004\0000\000\040\000/\000U\000s\000e\000r\000s\000/\000t\000o\000o\000n\000w\000e\000y\000e\000n\000s\000/\000C\000o\000d\000e\000/\000P\000B\0003\000D\000/\000M\000o\000d\000u\000l\000e\000s\000/\000H\000E\000L\000E\000N\000A\000\137\000o\000p\000s\000.\000f\0009\0000\000\040\000F\000i\000l\000e\000\040\000R\000e\000f\000e\000r\000e\000n\000c\000e}{appendix.1.D}% 189
\BOOKMARK [1][-]{section.1.D.41}{\376\377\000D\000.\0004\0001\000\040\000H\000E\000L\000E\000N\000A\000\137\000o\000p\000s\000.\000f\0009\0000}{appendix.1.D}% 190
\BOOKMARK [1][-]{section.1.D.42}{\376\377\000D\000.\0004\0002\000\040\000/\000U\000s\000e\000r\000s\000/\000t\000o\000o\000n\000w\000e\000y\000e\000n\000s\000/\000C\000o\000d\000e\000/\000P\000B\0003\000D\000/\000M\000o\000d\000u\000l\000e\000s\000/\000H\000E\000L\000E\000N\000A\000\137\000v\000a\000r\000s\000.\000f\0009\0000\000\040\000F\000i\000l\000e\000\040\000R\000e\000f\000e\000r\000e\000n\000c\000e}{appendix.1.D}% 191
\BOOKMARK [1][-]{section.1.D.43}{\376\377\000D\000.\0004\0003\000\040\000H\000E\000L\000E\000N\000A\000\137\000v\000a\000r\000s\000.\000f\0009\0000}{appendix.1.D}% 192
\BOOKMARK [1][-]{section.1.D.44}{\376\377\000D\000.\0004\0004\000\040\000/\000U\000s\000e\000r\000s\000/\000t\000o\000o\000n\000w\000e\000y\000e\000n\000s\000/\000C\000o\000d\000e\000/\000P\000B\0003\000D\000/\000M\000o\000d\000u\000l\000e\000s\000/\000i\000n\000p\000u\000t\000\137\000o\000p\000s\000.\000f\0009\0000\000\040\000F\000i\000l\000e\000\040\000R\000e\000f\000e\000r\000e\000n\000c\000e}{appendix.1.D}% 193
\BOOKMARK [1][-]{section.1.D.45}{\376\377\000D\000.\0004\0005\000\040\000i\000n\000p\000u\000t\000\137\000o\000p\000s\000.\000f\0009\0000}{appendix.1.D}% 194
\BOOKMARK [1][-]{section.1.D.46}{\376\377\000D\000.\0004\0006\000\040\000/\000U\000s\000e\000r\000s\000/\000t\000o\000o\000n\000w\000e\000y\000e\000n\000s\000/\000C\000o\000d\000e\000/\000P\000B\0003\000D\000/\000M\000o\000d\000u\000l\000e\000s\000/\000i\000n\000p\000u\000t\000\137\000u\000t\000i\000l\000i\000t\000i\000e\000s\000.\000f\0009\0000\000\040\000F\000i\000l\000e\000\040\000R\000e\000f\000e\000r\000e\000n\000c\000e}{appendix.1.D}% 195
\BOOKMARK [1][-]{section.1.D.47}{\376\377\000D\000.\0004\0007\000\040\000i\000n\000p\000u\000t\000\137\000u\000t\000i\000l\000i\000t\000i\000e\000s\000.\000f\0009\0000}{appendix.1.D}% 196
\BOOKMARK [1][-]{section.1.D.48}{\376\377\000D\000.\0004\0008\000\040\000/\000U\000s\000e\000r\000s\000/\000t\000o\000o\000n\000w\000e\000y\000e\000n\000s\000/\000C\000o\000d\000e\000/\000P\000B\0003\000D\000/\000M\000o\000d\000u\000l\000e\000s\000/\000m\000e\000s\000s\000a\000g\000e\000s\000.\000f\0009\0000\000\040\000F\000i\000l\000e\000\040\000R\000e\000f\000e\000r\000e\000n\000c\000e}{appendix.1.D}% 197
\BOOKMARK [1][-]{section.1.D.49}{\376\377\000D\000.\0004\0009\000\040\000m\000e\000s\000s\000a\000g\000e\000s\000.\000f\0009\0000}{appendix.1.D}% 198
\BOOKMARK [1][-]{section.1.D.50}{\376\377\000D\000.\0005\0000\000\040\000/\000U\000s\000e\000r\000s\000/\000t\000o\000o\000n\000w\000e\000y\000e\000n\000s\000/\000C\000o\000d\000e\000/\000P\000B\0003\000D\000/\000M\000o\000d\000u\000l\000e\000s\000/\000M\000P\000I\000\137\000o\000p\000s\000.\000f\0009\0000\000\040\000F\000i\000l\000e\000\040\000R\000e\000f\000e\000r\000e\000n\000c\000e}{appendix.1.D}% 199
\BOOKMARK [1][-]{section.1.D.51}{\376\377\000D\000.\0005\0001\000\040\000M\000P\000I\000\137\000o\000p\000s\000.\000f\0009\0000}{appendix.1.D}% 200
\BOOKMARK [1][-]{section.1.D.52}{\376\377\000D\000.\0005\0002\000\040\000/\000U\000s\000e\000r\000s\000/\000t\000o\000o\000n\000w\000e\000y\000e\000n\000s\000/\000C\000o\000d\000e\000/\000P\000B\0003\000D\000/\000M\000o\000d\000u\000l\000e\000s\000/\000M\000P\000I\000\137\000u\000t\000i\000l\000i\000t\000i\000e\000s\000.\000f\0009\0000\000\040\000F\000i\000l\000e\000\040\000R\000e\000f\000e\000r\000e\000n\000c\000e}{appendix.1.D}% 201
\BOOKMARK [1][-]{section.1.D.53}{\376\377\000D\000.\0005\0003\000\040\000M\000P\000I\000\137\000u\000t\000i\000l\000i\000t\000i\000e\000s\000.\000f\0009\0000}{appendix.1.D}% 202
\BOOKMARK [1][-]{section.1.D.54}{\376\377\000D\000.\0005\0004\000\040\000/\000U\000s\000e\000r\000s\000/\000t\000o\000o\000n\000w\000e\000y\000e\000n\000s\000/\000C\000o\000d\000e\000/\000P\000B\0003\000D\000/\000M\000o\000d\000u\000l\000e\000s\000/\000M\000P\000I\000\137\000v\000a\000r\000s\000.\000f\0009\0000\000\040\000F\000i\000l\000e\000\040\000R\000e\000f\000e\000r\000e\000n\000c\000e}{appendix.1.D}% 203
\BOOKMARK [1][-]{section.1.D.55}{\376\377\000D\000.\0005\0005\000\040\000M\000P\000I\000\137\000v\000a\000r\000s\000.\000f\0009\0000}{appendix.1.D}% 204
\BOOKMARK [1][-]{section.1.D.56}{\376\377\000D\000.\0005\0006\000\040\000/\000U\000s\000e\000r\000s\000/\000t\000o\000o\000n\000w\000e\000y\000e\000n\000s\000/\000C\000o\000d\000e\000/\000P\000B\0003\000D\000/\000M\000o\000d\000u\000l\000e\000s\000/\000n\000u\000m\000\137\000o\000p\000s\000.\000f\0009\0000\000\040\000F\000i\000l\000e\000\040\000R\000e\000f\000e\000r\000e\000n\000c\000e}{appendix.1.D}% 205
\BOOKMARK [1][-]{section.1.D.57}{\376\377\000D\000.\0005\0007\000\040\000n\000u\000m\000\137\000o\000p\000s\000.\000f\0009\0000}{appendix.1.D}% 206
\BOOKMARK [1][-]{section.1.D.58}{\376\377\000D\000.\0005\0008\000\040\000/\000U\000s\000e\000r\000s\000/\000t\000o\000o\000n\000w\000e\000y\000e\000n\000s\000/\000C\000o\000d\000e\000/\000P\000B\0003\000D\000/\000M\000o\000d\000u\000l\000e\000s\000/\000n\000u\000m\000\137\000u\000t\000i\000l\000i\000t\000i\000e\000s\000.\000f\0009\0000\000\040\000F\000i\000l\000e\000\040\000R\000e\000f\000e\000r\000e\000n\000c\000e}{appendix.1.D}% 207
\BOOKMARK [1][-]{section.1.D.59}{\376\377\000D\000.\0005\0009\000\040\000n\000u\000m\000\137\000u\000t\000i\000l\000i\000t\000i\000e\000s\000.\000f\0009\0000}{appendix.1.D}% 208
\BOOKMARK [1][-]{section.1.D.60}{\376\377\000D\000.\0006\0000\000\040\000/\000U\000s\000e\000r\000s\000/\000t\000o\000o\000n\000w\000e\000y\000e\000n\000s\000/\000C\000o\000d\000e\000/\000P\000B\0003\000D\000/\000M\000o\000d\000u\000l\000e\000s\000/\000n\000u\000m\000\137\000v\000a\000r\000s\000.\000f\0009\0000\000\040\000F\000i\000l\000e\000\040\000R\000e\000f\000e\000r\000e\000n\000c\000e}{appendix.1.D}% 209
\BOOKMARK [1][-]{section.1.D.61}{\376\377\000D\000.\0006\0001\000\040\000n\000u\000m\000\137\000v\000a\000r\000s\000.\000f\0009\0000}{appendix.1.D}% 210
\BOOKMARK [1][-]{section.1.D.62}{\376\377\000D\000.\0006\0002\000\040\000/\000U\000s\000e\000r\000s\000/\000t\000o\000o\000n\000w\000e\000y\000e\000n\000s\000/\000C\000o\000d\000e\000/\000P\000B\0003\000D\000/\000M\000o\000d\000u\000l\000e\000s\000/\000o\000u\000t\000p\000u\000t\000\137\000o\000p\000s\000.\000f\0009\0000\000\040\000F\000i\000l\000e\000\040\000R\000e\000f\000e\000r\000e\000n\000c\000e}{appendix.1.D}% 211
\BOOKMARK [1][-]{section.1.D.63}{\376\377\000D\000.\0006\0003\000\040\000o\000u\000t\000p\000u\000t\000\137\000o\000p\000s\000.\000f\0009\0000}{appendix.1.D}% 212
\BOOKMARK [1][-]{section.1.D.64}{\376\377\000D\000.\0006\0004\000\040\000/\000U\000s\000e\000r\000s\000/\000t\000o\000o\000n\000w\000e\000y\000e\000n\000s\000/\000C\000o\000d\000e\000/\000P\000B\0003\000D\000/\000M\000o\000d\000u\000l\000e\000s\000/\000P\000B\0003\000D\000\137\000o\000p\000s\000.\000f\0009\0000\000\040\000F\000i\000l\000e\000\040\000R\000e\000f\000e\000r\000e\000n\000c\000e}{appendix.1.D}% 213
\BOOKMARK [1][-]{section.1.D.65}{\376\377\000D\000.\0006\0005\000\040\000P\000B\0003\000D\000\137\000o\000p\000s\000.\000f\0009\0000}{appendix.1.D}% 214
\BOOKMARK [1][-]{section.1.D.66}{\376\377\000D\000.\0006\0006\000\040\000/\000U\000s\000e\000r\000s\000/\000t\000o\000o\000n\000w\000e\000y\000e\000n\000s\000/\000C\000o\000d\000e\000/\000P\000B\0003\000D\000/\000M\000o\000d\000u\000l\000e\000s\000/\000P\000B\0003\000D\000\137\000u\000t\000i\000l\000i\000t\000i\000e\000s\000.\000f\0009\0000\000\040\000F\000i\000l\000e\000\040\000R\000e\000f\000e\000r\000e\000n\000c\000e}{appendix.1.D}% 215
\BOOKMARK [1][-]{section.1.D.67}{\376\377\000D\000.\0006\0007\000\040\000P\000B\0003\000D\000\137\000u\000t\000i\000l\000i\000t\000i\000e\000s\000.\000f\0009\0000}{appendix.1.D}% 216
\BOOKMARK [1][-]{section.1.D.68}{\376\377\000D\000.\0006\0008\000\040\000/\000U\000s\000e\000r\000s\000/\000t\000o\000o\000n\000w\000e\000y\000e\000n\000s\000/\000C\000o\000d\000e\000/\000P\000B\0003\000D\000/\000M\000o\000d\000u\000l\000e\000s\000/\000r\000i\000c\000h\000\137\000o\000p\000s\000.\000f\0009\0000\000\040\000F\000i\000l\000e\000\040\000R\000e\000f\000e\000r\000e\000n\000c\000e}{appendix.1.D}% 217
\BOOKMARK [1][-]{section.1.D.69}{\376\377\000D\000.\0006\0009\000\040\000r\000i\000c\000h\000\137\000o\000p\000s\000.\000f\0009\0000}{appendix.1.D}% 218
\BOOKMARK [1][-]{section.1.D.70}{\376\377\000D\000.\0007\0000\000\040\000/\000U\000s\000e\000r\000s\000/\000t\000o\000o\000n\000w\000e\000y\000e\000n\000s\000/\000C\000o\000d\000e\000/\000P\000B\0003\000D\000/\000M\000o\000d\000u\000l\000e\000s\000/\000r\000i\000c\000h\000\137\000v\000a\000r\000s\000.\000f\0009\0000\000\040\000F\000i\000l\000e\000\040\000R\000e\000f\000e\000r\000e\000n\000c\000e}{appendix.1.D}% 219
\BOOKMARK [1][-]{section.1.D.71}{\376\377\000D\000.\0007\0001\000\040\000r\000i\000c\000h\000\137\000v\000a\000r\000s\000.\000f\0009\0000}{appendix.1.D}% 220
\BOOKMARK [1][-]{section.1.D.72}{\376\377\000D\000.\0007\0002\000\040\000/\000U\000s\000e\000r\000s\000/\000t\000o\000o\000n\000w\000e\000y\000e\000n\000s\000/\000C\000o\000d\000e\000/\000P\000B\0003\000D\000/\000M\000o\000d\000u\000l\000e\000s\000/\000S\000L\000E\000P\000C\000\137\000o\000p\000s\000.\000f\0009\0000\000\040\000F\000i\000l\000e\000\040\000R\000e\000f\000e\000r\000e\000n\000c\000e}{appendix.1.D}% 221
\BOOKMARK [1][-]{section.1.D.73}{\376\377\000D\000.\0007\0003\000\040\000S\000L\000E\000P\000C\000\137\000o\000p\000s\000.\000f\0009\0000}{appendix.1.D}% 222
\BOOKMARK [1][-]{section.1.D.74}{\376\377\000D\000.\0007\0004\000\040\000/\000U\000s\000e\000r\000s\000/\000t\000o\000o\000n\000w\000e\000y\000e\000n\000s\000/\000C\000o\000d\000e\000/\000P\000B\0003\000D\000/\000M\000o\000d\000u\000l\000e\000s\000/\000S\000L\000E\000P\000C\000\137\000u\000t\000i\000l\000i\000t\000i\000e\000s\000.\000f\0009\0000\000\040\000F\000i\000l\000e\000\040\000R\000e\000f\000e\000r\000e\000n\000c\000e}{appendix.1.D}% 223
\BOOKMARK [1][-]{section.1.D.75}{\376\377\000D\000.\0007\0005\000\040\000S\000L\000E\000P\000C\000\137\000u\000t\000i\000l\000i\000t\000i\000e\000s\000.\000f\0009\0000}{appendix.1.D}% 224
\BOOKMARK [1][-]{section.1.D.76}{\376\377\000D\000.\0007\0006\000\040\000/\000U\000s\000e\000r\000s\000/\000t\000o\000o\000n\000w\000e\000y\000e\000n\000s\000/\000C\000o\000d\000e\000/\000P\000B\0003\000D\000/\000M\000o\000d\000u\000l\000e\000s\000/\000s\000o\000l\000\137\000o\000p\000s\000.\000f\0009\0000\000\040\000F\000i\000l\000e\000\040\000R\000e\000f\000e\000r\000e\000n\000c\000e}{appendix.1.D}% 225
\BOOKMARK [1][-]{section.1.D.77}{\376\377\000D\000.\0007\0007\000\040\000s\000o\000l\000\137\000o\000p\000s\000.\000f\0009\0000}{appendix.1.D}% 226
\BOOKMARK [1][-]{section.1.D.78}{\376\377\000D\000.\0007\0008\000\040\000/\000U\000s\000e\000r\000s\000/\000t\000o\000o\000n\000w\000e\000y\000e\000n\000s\000/\000C\000o\000d\000e\000/\000P\000B\0003\000D\000/\000M\000o\000d\000u\000l\000e\000s\000/\000s\000o\000l\000\137\000u\000t\000i\000l\000i\000t\000i\000e\000s\000.\000f\0009\0000\000\040\000F\000i\000l\000e\000\040\000R\000e\000f\000e\000r\000e\000n\000c\000e}{appendix.1.D}% 227
\BOOKMARK [1][-]{section.1.D.79}{\376\377\000D\000.\0007\0009\000\040\000s\000o\000l\000\137\000u\000t\000i\000l\000i\000t\000i\000e\000s\000.\000f\0009\0000}{appendix.1.D}% 228
\BOOKMARK [1][-]{section.1.D.80}{\376\377\000D\000.\0008\0000\000\040\000/\000U\000s\000e\000r\000s\000/\000t\000o\000o\000n\000w\000e\000y\000e\000n\000s\000/\000C\000o\000d\000e\000/\000P\000B\0003\000D\000/\000M\000o\000d\000u\000l\000e\000s\000/\000s\000o\000l\000\137\000v\000a\000r\000s\000.\000f\0009\0000\000\040\000F\000i\000l\000e\000\040\000R\000e\000f\000e\000r\000e\000n\000c\000e}{appendix.1.D}% 229
\BOOKMARK [1][-]{section.1.D.81}{\376\377\000D\000.\0008\0001\000\040\000s\000o\000l\000\137\000v\000a\000r\000s\000.\000f\0009\0000}{appendix.1.D}% 230
\BOOKMARK [1][-]{section.1.D.82}{\376\377\000D\000.\0008\0002\000\040\000/\000U\000s\000e\000r\000s\000/\000t\000o\000o\000n\000w\000e\000y\000e\000n\000s\000/\000C\000o\000d\000e\000/\000P\000B\0003\000D\000/\000M\000o\000d\000u\000l\000e\000s\000/\000s\000t\000r\000\137\000u\000t\000i\000l\000i\000t\000i\000e\000s\000.\000f\0009\0000\000\040\000F\000i\000l\000e\000\040\000R\000e\000f\000e\000r\000e\000n\000c\000e}{appendix.1.D}% 231
\BOOKMARK [1][-]{section.1.D.83}{\376\377\000D\000.\0008\0003\000\040\000s\000t\000r\000\137\000u\000t\000i\000l\000i\000t\000i\000e\000s\000.\000f\0009\0000}{appendix.1.D}% 232
\BOOKMARK [1][-]{section.1.D.84}{\376\377\000D\000.\0008\0004\000\040\000/\000U\000s\000e\000r\000s\000/\000t\000o\000o\000n\000w\000e\000y\000e\000n\000s\000/\000C\000o\000d\000e\000/\000P\000B\0003\000D\000/\000M\000o\000d\000u\000l\000e\000s\000/\000t\000e\000s\000t\000.\000f\0009\0000\000\040\000F\000i\000l\000e\000\040\000R\000e\000f\000e\000r\000e\000n\000c\000e}{appendix.1.D}% 233
\BOOKMARK [1][-]{section.1.D.85}{\376\377\000D\000.\0008\0005\000\040\000t\000e\000s\000t\000.\000f\0009\0000}{appendix.1.D}% 234
\BOOKMARK [1][-]{section.1.D.86}{\376\377\000D\000.\0008\0006\000\040\000/\000U\000s\000e\000r\000s\000/\000t\000o\000o\000n\000w\000e\000y\000e\000n\000s\000/\000C\000o\000d\000e\000/\000P\000B\0003\000D\000/\000M\000o\000d\000u\000l\000e\000s\000/\000v\000a\000c\000\137\000o\000p\000s\000.\000f\0009\0000\000\040\000F\000i\000l\000e\000\040\000R\000e\000f\000e\000r\000e\000n\000c\000e}{appendix.1.D}% 235
\BOOKMARK [1][-]{section.1.D.87}{\376\377\000D\000.\0008\0007\000\040\000v\000a\000c\000\137\000o\000p\000s\000.\000f\0009\0000}{appendix.1.D}% 236
\BOOKMARK [1][-]{section.1.D.88}{\376\377\000D\000.\0008\0008\000\040\000/\000U\000s\000e\000r\000s\000/\000t\000o\000o\000n\000w\000e\000y\000e\000n\000s\000/\000C\000o\000d\000e\000/\000P\000B\0003\000D\000/\000M\000o\000d\000u\000l\000e\000s\000/\000v\000a\000c\000\137\000u\000t\000i\000l\000i\000t\000i\000e\000s\000.\000f\0009\0000\000\040\000F\000i\000l\000e\000\040\000R\000e\000f\000e\000r\000e\000n\000c\000e}{appendix.1.D}% 237
\BOOKMARK [1][-]{section.1.D.89}{\376\377\000D\000.\0008\0009\000\040\000v\000a\000c\000\137\000u\000t\000i\000l\000i\000t\000i\000e\000s\000.\000f\0009\0000}{appendix.1.D}% 238
\BOOKMARK [1][-]{section.1.D.90}{\376\377\000D\000.\0009\0000\000\040\000/\000U\000s\000e\000r\000s\000/\000t\000o\000o\000n\000w\000e\000y\000e\000n\000s\000/\000C\000o\000d\000e\000/\000P\000B\0003\000D\000/\000M\000o\000d\000u\000l\000e\000s\000/\000v\000a\000c\000\137\000v\000a\000r\000s\000.\000f\0009\0000\000\040\000F\000i\000l\000e\000\040\000R\000e\000f\000e\000r\000e\000n\000c\000e}{appendix.1.D}% 239
\BOOKMARK [1][-]{section.1.D.91}{\376\377\000D\000.\0009\0001\000\040\000v\000a\000c\000\137\000v\000a\000r\000s\000.\000f\0009\0000}{appendix.1.D}% 240
\BOOKMARK [1][-]{section.1.D.92}{\376\377\000D\000.\0009\0002\000\040\000/\000U\000s\000e\000r\000s\000/\000t\000o\000o\000n\000w\000e\000y\000e\000n\000s\000/\000C\000o\000d\000e\000/\000P\000B\0003\000D\000/\000M\000o\000d\000u\000l\000e\000s\000/\000V\000M\000E\000C\000\137\000o\000p\000s\000.\000f\0009\0000\000\040\000F\000i\000l\000e\000\040\000R\000e\000f\000e\000r\000e\000n\000c\000e}{appendix.1.D}% 241
\BOOKMARK [1][-]{section.1.D.93}{\376\377\000D\000.\0009\0003\000\040\000V\000M\000E\000C\000\137\000o\000p\000s\000.\000f\0009\0000}{appendix.1.D}% 242
\BOOKMARK [1][-]{section.1.D.94}{\376\377\000D\000.\0009\0004\000\040\000/\000U\000s\000e\000r\000s\000/\000t\000o\000o\000n\000w\000e\000y\000e\000n\000s\000/\000C\000o\000d\000e\000/\000P\000B\0003\000D\000/\000M\000o\000d\000u\000l\000e\000s\000/\000V\000M\000E\000C\000\137\000u\000t\000i\000l\000i\000t\000i\000e\000s\000.\000f\0009\0000\000\040\000F\000i\000l\000e\000\040\000R\000e\000f\000e\000r\000e\000n\000c\000e}{appendix.1.D}% 243
\BOOKMARK [1][-]{section.1.D.95}{\376\377\000D\000.\0009\0005\000\040\000V\000M\000E\000C\000\137\000u\000t\000i\000l\000i\000t\000i\000e\000s\000.\000f\0009\0000}{appendix.1.D}% 244
\BOOKMARK [1][-]{section.1.D.96}{\376\377\000D\000.\0009\0006\000\040\000/\000U\000s\000e\000r\000s\000/\000t\000o\000o\000n\000w\000e\000y\000e\000n\000s\000/\000C\000o\000d\000e\000/\000P\000B\0003\000D\000/\000M\000o\000d\000u\000l\000e\000s\000/\000V\000M\000E\000C\000\137\000v\000a\000r\000s\000.\000f\0009\0000\000\040\000F\000i\000l\000e\000\040\000R\000e\000f\000e\000r\000e\000n\000c\000e}{appendix.1.D}% 245
\BOOKMARK [1][-]{section.1.D.97}{\376\377\000D\000.\0009\0007\000\040\000V\000M\000E\000C\000\137\000v\000a\000r\000s\000.\000f\0009\0000}{appendix.1.D}% 246
\BOOKMARK [1][-]{section.1.D.98}{\376\377\000D\000.\0009\0008\000\040\000/\000U\000s\000e\000r\000s\000/\000t\000o\000o\000n\000w\000e\000y\000e\000n\000s\000/\000C\000o\000d\000e\000/\000P\000B\0003\000D\000/\000M\000o\000d\000u\000l\000e\000s\000/\000X\000\137\000o\000p\000s\000.\000f\0009\0000\000\040\000F\000i\000l\000e\000\040\000R\000e\000f\000e\000r\000e\000n\000c\000e}{appendix.1.D}% 247
\BOOKMARK [1][-]{section.1.D.99}{\376\377\000D\000.\0009\0009\000\040\000X\000\137\000o\000p\000s\000.\000f\0009\0000}{appendix.1.D}% 248
\BOOKMARK [1][-]{section.1.D.100}{\376\377\000D\000.\0001\0000\0000\000\040\000/\000U\000s\000e\000r\000s\000/\000t\000o\000o\000n\000w\000e\000y\000e\000n\000s\000/\000C\000o\000d\000e\000/\000P\000B\0003\000D\000/\000M\000o\000d\000u\000l\000e\000s\000/\000X\000\137\000u\000t\000i\000l\000i\000t\000i\000e\000s\000.\000f\0009\0000\000\040\000F\000i\000l\000e\000\040\000R\000e\000f\000e\000r\000e\000n\000c\000e}{appendix.1.D}% 249
\BOOKMARK [1][-]{section.1.D.101}{\376\377\000D\000.\0001\0000\0001\000\040\000X\000\137\000u\000t\000i\000l\000i\000t\000i\000e\000s\000.\000f\0009\0000}{appendix.1.D}% 250
\BOOKMARK [1][-]{section.1.D.102}{\376\377\000D\000.\0001\0000\0002\000\040\000/\000U\000s\000e\000r\000s\000/\000t\000o\000o\000n\000w\000e\000y\000e\000n\000s\000/\000C\000o\000d\000e\000/\000P\000B\0003\000D\000/\000M\000o\000d\000u\000l\000e\000s\000/\000X\000\137\000v\000a\000r\000s\000.\000f\0009\0000\000\040\000F\000i\000l\000e\000\040\000R\000e\000f\000e\000r\000e\000n\000c\000e}{appendix.1.D}% 251
\BOOKMARK [1][-]{section.1.D.103}{\376\377\000D\000.\0001\0000\0003\000\040\000X\000\137\000v\000a\000r\000s\000.\000f\0009\0000}{appendix.1.D}% 252
\BOOKMARK [1][-]{section.1.D.104}{\376\377\000D\000.\0001\0000\0004\000\040\000P\000B\0003\000D\000.\000f\0009\0000}{appendix.1.D}% 253
\BOOKMARK [1][-]{section.1.D.105}{\376\377\000D\000.\0001\0000\0005\000\040\000P\000O\000S\000T\000.\000f\0009\0000}{appendix.1.D}% 254
\BOOKMARK [0][-]{appendix.1.E}{\376\377\000A\000p\000p\000e\000n\000d\000i\000x\000\040\000E\000\040\000E\000x\000a\000m\000p\000l\000e\000s}{}% 255
\BOOKMARK [1][-]{section.1.E.1}{\376\377\000E\000.\0001\000\040\000P\000B\0003\000D\000.\000i\000n\000p\000u\000t}{appendix.1.E}% 256
\BOOKMARK [1][-]{section.1.E.2}{\376\377\000E\000.\0002\000\040\000P\000O\000S\000T\000.\000i\000n\000p\000u\000t}{appendix.1.E}% 257
\BOOKMARK [1][-]{section.1.E.3}{\376\377\000E\000.\0003\000\040\000e\000x\000a\000m\000p\000l\000e\000.\000m\000k}{appendix.1.E}% 258
\BOOKMARK [0][-]{appendix*.762}{\376\377\000B\000i\000b\000l\000i\000o\000g\000r\000a\000p\000h\000y}{}% 259
